<?xml version="1.0" encoding="UTF-8"?>
<testng-results skipped="0" failed="0" total="1" passed="1">
  <reporter-output>
  </reporter-output>
  <suite name="Default suite" duration-ms="32579" started-at="2020-04-16T17:27:48Z" finished-at="2020-04-16T17:28:20Z">
    <groups>
    </groups>
    <test name="Default test" duration-ms="32579" started-at="2020-04-16T17:27:48Z" finished-at="2020-04-16T17:28:20Z">
      <class name="com.training.sanity.tests.Week3_Assignment_TestCase">
        <test-method status="PASS" signature="setUpBeforeClass()[pri:0, instance:com.training.sanity.tests.Week3_Assignment_TestCase@66a3ffec]" name="setUpBeforeClass" is-config="true" duration-ms="9" started-at="2020-04-16T22:57:48Z" finished-at="2020-04-16T22:57:48Z">
          <reporter-output>
          </reporter-output>
        </test-method> <!-- setUpBeforeClass -->
        <test-method status="PASS" signature="setUp()[pri:0, instance:com.training.sanity.tests.Week3_Assignment_TestCase@66a3ffec]" name="setUp" is-config="true" duration-ms="15614" started-at="2020-04-16T22:57:48Z" finished-at="2020-04-16T22:58:03Z">
          <reporter-output>
          </reporter-output>
        </test-method> <!-- setUp -->
        <test-method status="PASS" signature="validLoginTest()[pri:1, instance:com.training.sanity.tests.Week3_Assignment_TestCase@66a3ffec]" name="validLoginTest" duration-ms="15068" started-at="2020-04-16T22:58:03Z" finished-at="2020-04-16T22:58:19Z">
          <reporter-output>
          </reporter-output>
        </test-method> <!-- validLoginTest -->
        <test-method status="PASS" signature="tearDown()[pri:0, instance:com.training.sanity.tests.Week3_Assignment_TestCase@66a3ffec]" name="tearDown" is-config="true" duration-ms="1874" started-at="2020-04-16T22:58:19Z" finished-at="2020-04-16T22:58:20Z">
          <reporter-output>
          </reporter-output>
        </test-method> <!-- tearDown -->
      </class> <!-- com.training.sanity.tests.Week3_Assignment_TestCase -->
    </test> <!-- Default test -->
  </suite> <!-- Default suite -->
</testng-results>
