<?xml version="1.0" encoding="UTF-8"?>
<!-- Generated by org.testng.reporters.JUnitXMLReporter -->
<testsuite hostname="DESKTOP-PK9I0ME" name="Default test" tests="3" failures="0" timestamp="7 Apr 2020 10:23:31 GMT" time="80.952" errors="0">
  <testcase name="validLoginTest" time="10.522" classname="com.training.sanity.tests.LoginTests"/>
  <testcase name="validLoginTest2" time="10.892" classname="com.training.sanity.tests.LoginTests"/>
  <testcase name="validLoginTest3" time="10.342" classname="com.training.sanity.tests.LoginTests"/>
</testsuite> <!-- Default test -->
