<?xml version="1.0" encoding="UTF-8"?>
<!-- Generated by org.testng.reporters.JUnitXMLReporter -->
<testsuite hostname="DESKTOP-PK9I0ME" name="Default test" tests="3" failures="0" timestamp="15 Apr 2020 14:15:51 GMT" time="115.032" errors="0">
  <testcase name="validLoginTest" time="14.938" classname="com.training.sanity.tests.Week2_Assignment_TestCase"/>
  <testcase name="validLoginTest2" time="15.108" classname="com.training.sanity.tests.Week2_Assignment_TestCase"/>
  <testcase name="validLoginTest3" time="34.941" classname="com.training.sanity.tests.Week2_Assignment_TestCase"/>
</testsuite> <!-- Default test -->
